The target system is: Generic -  - ARM
The host system is: Darwin - 19.6.0 - x86_64
Compiling the C compiler identification source file "CMakeCCompilerId.c" succeeded.
Compiler: /usr/local/bin/arm-none-eabi-gcc 
Build flags: 
Id flags: -c 

The output was:
0


Compilation of the C compiler identification source "CMakeCCompilerId.c" produced "CMakeCCompilerId.o"

The C compiler identification is GNU, found in "/Users/vitaliy/Downloads/nrf5_SDK_for_Mesh_v5.0.0_src/cmake-build-debug/CMakeFiles/3.16.5/CompilerIdC/CMakeCCompilerId.o"

Checking whether the ASM compiler is GNU using "--version" matched "(GNU assembler)|(GCC)|(Free Software Foundation)":
arm-none-eabi-gcc (GNU Tools for ARM Embedded Processors 6-2017-q2-update) 6.3.1 20170620 (release) [ARM/embedded-6-branch revision 249437]
Copyright (C) 2016 Free Software Foundation, Inc.
This is free software; see the source for copying conditions.  There is NO
warranty; not even for MERCHANTABILITY or FITNESS FOR A PARTICULAR PURPOSE.

Determining if the C compiler works passed with the following output:
Change Dir: /Users/vitaliy/Downloads/nrf5_SDK_for_Mesh_v5.0.0_src/cmake-build-debug/CMakeFiles/CMakeTmp

Run Build Command(s):/usr/local/bin/gmake cmTC_51665/fast && /usr/local/bin/gmake -f CMakeFiles/cmTC_51665.dir/build.make CMakeFiles/cmTC_51665.dir/build
gmake[1]: Entering directory '/Users/vitaliy/Downloads/nrf5_SDK_for_Mesh_v5.0.0_src/cmake-build-debug/CMakeFiles/CMakeTmp'
Building C object CMakeFiles/cmTC_51665.dir/testCCompiler.c.obj
/usr/local/bin/arm-none-eabi-gcc   --std=gnu99 -Wall -Wno-attributes -Wno-format -ffunction-sections -fdata-sections -fno-strict-aliasing -fno-builtin --short-enums    -o CMakeFiles/cmTC_51665.dir/testCCompiler.c.obj   -c /Users/vitaliy/Downloads/nrf5_SDK_for_Mesh_v5.0.0_src/cmake-build-debug/CMakeFiles/CMakeTmp/testCCompiler.c
Linking C static library libcmTC_51665.a
/Applications/CLion.app/Contents/bin/cmake/mac/bin/cmake -P CMakeFiles/cmTC_51665.dir/cmake_clean_target.cmake
/Applications/CLion.app/Contents/bin/cmake/mac/bin/cmake -E cmake_link_script CMakeFiles/cmTC_51665.dir/link.txt --verbose=1
/usr/local/bin/arm-none-eabi-ar qc libcmTC_51665.a  CMakeFiles/cmTC_51665.dir/testCCompiler.c.obj
/usr/local/bin/arm-none-eabi-ranlib libcmTC_51665.a
gmake[1]: Leaving directory '/Users/vitaliy/Downloads/nrf5_SDK_for_Mesh_v5.0.0_src/cmake-build-debug/CMakeFiles/CMakeTmp'



Detecting C compiler ABI info compiled with the following output:
Change Dir: /Users/vitaliy/Downloads/nrf5_SDK_for_Mesh_v5.0.0_src/cmake-build-debug/CMakeFiles/CMakeTmp

Run Build Command(s):/usr/local/bin/gmake cmTC_53963/fast && /usr/local/bin/gmake -f CMakeFiles/cmTC_53963.dir/build.make CMakeFiles/cmTC_53963.dir/build
gmake[1]: Entering directory '/Users/vitaliy/Downloads/nrf5_SDK_for_Mesh_v5.0.0_src/cmake-build-debug/CMakeFiles/CMakeTmp'
Building C object CMakeFiles/cmTC_53963.dir/CMakeCCompilerABI.c.obj
/usr/local/bin/arm-none-eabi-gcc   --std=gnu99 -Wall -Wno-attributes -Wno-format -ffunction-sections -fdata-sections -fno-strict-aliasing -fno-builtin --short-enums    -v -o CMakeFiles/cmTC_53963.dir/CMakeCCompilerABI.c.obj   -c /Applications/CLion.app/Contents/bin/cmake/mac/share/cmake-3.16/Modules/CMakeCCompilerABI.c
Using built-in specs.
COLLECT_GCC=/usr/local/bin/arm-none-eabi-gcc
Target: arm-none-eabi
Configured with: /tmp/jenkins-GCC-6-build_build-toolchain-mac-262_20170621_1498074986/src/gcc/configure --target=arm-none-eabi --prefix=/tmp/jenkins-GCC-6-build_build-toolchain-mac-262_20170621_1498074986/install-native --libexecdir=/tmp/jenkins-GCC-6-build_build-toolchain-mac-262_20170621_1498074986/install-native/lib --infodir=/tmp/jenkins-GCC-6-build_build-toolchain-mac-262_20170621_1498074986/install-native/share/doc/gcc-arm-none-eabi/info --mandir=/tmp/jenkins-GCC-6-build_build-toolchain-mac-262_20170621_1498074986/install-native/share/doc/gcc-arm-none-eabi/man --htmldir=/tmp/jenkins-GCC-6-build_build-toolchain-mac-262_20170621_1498074986/install-native/share/doc/gcc-arm-none-eabi/html --pdfdir=/tmp/jenkins-GCC-6-build_build-toolchain-mac-262_20170621_1498074986/install-native/share/doc/gcc-arm-none-eabi/pdf --enable-languages=c,c++ --enable-plugins --disable-decimal-float --disable-libffi --disable-libgomp --disable-libmudflap --disable-libquadmath --disable-libssp --disable-libstdcxx-pch --disable-nls --disable-shared --disable-threads --disable-tls --with-gnu-as --with-gnu-ld --with-newlib --with-headers=yes --with-python-dir=share/gcc-arm-none-eabi --with-sysroot=/tmp/jenkins-GCC-6-build_build-toolchain-mac-262_20170621_1498074986/install-native/arm-none-eabi --build=x86_64-apple-darwin10 --host=x86_64-apple-darwin10 --with-gmp=/tmp/jenkins-GCC-6-build_build-toolchain-mac-262_20170621_1498074986/build-native/host-libs/usr --with-mpfr=/tmp/jenkins-GCC-6-build_build-toolchain-mac-262_20170621_1498074986/build-native/host-libs/usr --with-mpc=/tmp/jenkins-GCC-6-build_build-toolchain-mac-262_20170621_1498074986/build-native/host-libs/usr --with-isl=/tmp/jenkins-GCC-6-build_build-toolchain-mac-262_20170621_1498074986/build-native/host-libs/usr --with-libelf=/tmp/jenkins-GCC-6-build_build-toolchain-mac-262_20170621_1498074986/build-native/host-libs/usr --with-host-libstdcxx='-static-libgcc -Wl,-lstdc++ -lm' --with-pkgversion='GNU Tools for ARM Embedded Processors 6-2017-q2-update' --with-multilib-list=rmprofile
Thread model: single
gcc version 6.3.1 20170620 (release) [ARM/embedded-6-branch revision 249437] (GNU Tools for ARM Embedded Processors 6-2017-q2-update) 
COLLECT_GCC_OPTIONS='-std=gnu99' '-Wall' '-Wno-attributes' '-Wformat=0' '-ffunction-sections' '-fdata-sections' '-fno-strict-aliasing' '-fno-builtin' '-fshort-enums' '-v' '-o' 'CMakeFiles/cmTC_53963.dir/CMakeCCompilerABI.c.obj' '-c'
 /usr/local/Cellar/gcc-arm-none-eabi-63/20170628/bin/../lib/gcc/arm-none-eabi/6.3.1/cc1 -quiet -v -iprefix /usr/local/Cellar/gcc-arm-none-eabi-63/20170628/bin/../lib/gcc/arm-none-eabi/6.3.1/ -isysroot /usr/local/Cellar/gcc-arm-none-eabi-63/20170628/bin/../arm-none-eabi -D__USES_INITFINI__ /Applications/CLion.app/Contents/bin/cmake/mac/share/cmake-3.16/Modules/CMakeCCompilerABI.c -quiet -dumpbase CMakeCCompilerABI.c -auxbase-strip CMakeFiles/cmTC_53963.dir/CMakeCCompilerABI.c.obj -Wall -Wno-attributes -Wformat=0 -std=gnu99 -version -ffunction-sections -fdata-sections -fno-strict-aliasing -fno-builtin -fshort-enums -o /var/folders/35/ybj1zsnx46jfc2bk6qstl_th0000gn/T//ccpxRG3C.s
GNU C99 (GNU Tools for ARM Embedded Processors 6-2017-q2-update) version 6.3.1 20170620 (release) [ARM/embedded-6-branch revision 249437] (arm-none-eabi)
	compiled by GNU C version 5.4.0, GMP version 6.1.0, MPFR version 3.1.4, MPC version 1.0.3, isl version 0.15
GGC heuristics: --param ggc-min-expand=100 --param ggc-min-heapsize=131072
ignoring duplicate directory "/usr/local/Cellar/gcc-arm-none-eabi-63/20170628/bin/../lib/gcc/../../lib/gcc/arm-none-eabi/6.3.1/include"
ignoring nonexistent directory "/usr/local/Cellar/gcc-arm-none-eabi-63/20170628/bin/../arm-none-eabi/usr/local/include"
ignoring duplicate directory "/usr/local/Cellar/gcc-arm-none-eabi-63/20170628/bin/../lib/gcc/../../lib/gcc/arm-none-eabi/6.3.1/include-fixed"
ignoring duplicate directory "/usr/local/Cellar/gcc-arm-none-eabi-63/20170628/bin/../lib/gcc/../../lib/gcc/arm-none-eabi/6.3.1/../../../../arm-none-eabi/include"
ignoring nonexistent directory "/usr/local/Cellar/gcc-arm-none-eabi-63/20170628/bin/../arm-none-eabi/usr/include"
#include "..." search starts here:
#include <...> search starts here:
 /usr/local/Cellar/gcc-arm-none-eabi-63/20170628/bin/../lib/gcc/arm-none-eabi/6.3.1/include
 /usr/local/Cellar/gcc-arm-none-eabi-63/20170628/bin/../lib/gcc/arm-none-eabi/6.3.1/include-fixed
 /usr/local/Cellar/gcc-arm-none-eabi-63/20170628/bin/../lib/gcc/arm-none-eabi/6.3.1/../../../../arm-none-eabi/include
End of search list.
GNU C99 (GNU Tools for ARM Embedded Processors 6-2017-q2-update) version 6.3.1 20170620 (release) [ARM/embedded-6-branch revision 249437] (arm-none-eabi)
	compiled by GNU C version 5.4.0, GMP version 6.1.0, MPFR version 3.1.4, MPC version 1.0.3, isl version 0.15
GGC heuristics: --param ggc-min-expand=100 --param ggc-min-heapsize=131072
Compiler executable checksum: aa3712e48f311f72956ce92bf2e89dbd
COLLECT_GCC_OPTIONS='-std=gnu99' '-Wall' '-Wno-attributes' '-Wformat=0' '-ffunction-sections' '-fdata-sections' '-fno-strict-aliasing' '-fno-builtin' '-fshort-enums' '-v' '-o' 'CMakeFiles/cmTC_53963.dir/CMakeCCompilerABI.c.obj' '-c'
 /usr/local/Cellar/gcc-arm-none-eabi-63/20170628/bin/../lib/gcc/arm-none-eabi/6.3.1/../../../../arm-none-eabi/bin/as -v -meabi=5 -o CMakeFiles/cmTC_53963.dir/CMakeCCompilerABI.c.obj /var/folders/35/ybj1zsnx46jfc2bk6qstl_th0000gn/T//ccpxRG3C.s
GNU assembler version 2.28.0 (arm-none-eabi) using BFD version (GNU Tools for ARM Embedded Processors 6-2017-q2-update) 2.28.0.20170620
COMPILER_PATH=/usr/local/Cellar/gcc-arm-none-eabi-63/20170628/bin/../lib/gcc/arm-none-eabi/6.3.1/:/usr/local/Cellar/gcc-arm-none-eabi-63/20170628/bin/../lib/gcc/:/usr/local/Cellar/gcc-arm-none-eabi-63/20170628/bin/../lib/gcc/arm-none-eabi/6.3.1/../../../../arm-none-eabi/bin/
LIBRARY_PATH=/usr/local/Cellar/gcc-arm-none-eabi-63/20170628/bin/../lib/gcc/arm-none-eabi/6.3.1/:/usr/local/Cellar/gcc-arm-none-eabi-63/20170628/bin/../lib/gcc/:/usr/local/Cellar/gcc-arm-none-eabi-63/20170628/bin/../lib/gcc/arm-none-eabi/6.3.1/../../../../arm-none-eabi/lib/:/usr/local/Cellar/gcc-arm-none-eabi-63/20170628/bin/../arm-none-eabi/lib/
COLLECT_GCC_OPTIONS='-std=gnu99' '-Wall' '-Wno-attributes' '-Wformat=0' '-ffunction-sections' '-fdata-sections' '-fno-strict-aliasing' '-fno-builtin' '-fshort-enums' '-v' '-o' 'CMakeFiles/cmTC_53963.dir/CMakeCCompilerABI.c.obj' '-c'
Linking C static library libcmTC_53963.a
/Applications/CLion.app/Contents/bin/cmake/mac/bin/cmake -P CMakeFiles/cmTC_53963.dir/cmake_clean_target.cmake
/Applications/CLion.app/Contents/bin/cmake/mac/bin/cmake -E cmake_link_script CMakeFiles/cmTC_53963.dir/link.txt --verbose=1
/usr/local/bin/arm-none-eabi-ar qc libcmTC_53963.a  CMakeFiles/cmTC_53963.dir/CMakeCCompilerABI.c.obj
/usr/local/bin/arm-none-eabi-ranlib libcmTC_53963.a
gmake[1]: Leaving directory '/Users/vitaliy/Downloads/nrf5_SDK_for_Mesh_v5.0.0_src/cmake-build-debug/CMakeFiles/CMakeTmp'



Parsed C implicit include dir info from above output: rv=done
  found start of include info
  found start of implicit include info
    add: [/usr/local/Cellar/gcc-arm-none-eabi-63/20170628/bin/../lib/gcc/arm-none-eabi/6.3.1/include]
    add: [/usr/local/Cellar/gcc-arm-none-eabi-63/20170628/bin/../lib/gcc/arm-none-eabi/6.3.1/include-fixed]
    add: [/usr/local/Cellar/gcc-arm-none-eabi-63/20170628/bin/../lib/gcc/arm-none-eabi/6.3.1/../../../../arm-none-eabi/include]
  end of search list found
  collapse include dir [/usr/local/Cellar/gcc-arm-none-eabi-63/20170628/bin/../lib/gcc/arm-none-eabi/6.3.1/include] ==> [/usr/local/Cellar/gcc-arm-none-eabi-63/20170628/lib/gcc/arm-none-eabi/6.3.1/include]
  collapse include dir [/usr/local/Cellar/gcc-arm-none-eabi-63/20170628/bin/../lib/gcc/arm-none-eabi/6.3.1/include-fixed] ==> [/usr/local/Cellar/gcc-arm-none-eabi-63/20170628/lib/gcc/arm-none-eabi/6.3.1/include-fixed]
  collapse include dir [/usr/local/Cellar/gcc-arm-none-eabi-63/20170628/bin/../lib/gcc/arm-none-eabi/6.3.1/../../../../arm-none-eabi/include] ==> [/usr/local/Cellar/gcc-arm-none-eabi-63/20170628/arm-none-eabi/include]
  implicit include dirs: [/usr/local/Cellar/gcc-arm-none-eabi-63/20170628/lib/gcc/arm-none-eabi/6.3.1/include;/usr/local/Cellar/gcc-arm-none-eabi-63/20170628/lib/gcc/arm-none-eabi/6.3.1/include-fixed;/usr/local/Cellar/gcc-arm-none-eabi-63/20170628/arm-none-eabi/include]


Parsed C implicit link information from above output:
  link line regex: [^( *|.*[/\])(arm-none-eabi-ld|CMAKE_LINK_STARTFILE-NOTFOUND|([^/\]+-)?ld|collect2)[^/\]*( |$)]
  ignore line: [Change Dir: /Users/vitaliy/Downloads/nrf5_SDK_for_Mesh_v5.0.0_src/cmake-build-debug/CMakeFiles/CMakeTmp]
  ignore line: []
  ignore line: [Run Build Command(s):/usr/local/bin/gmake cmTC_53963/fast && /usr/local/bin/gmake -f CMakeFiles/cmTC_53963.dir/build.make CMakeFiles/cmTC_53963.dir/build]
  ignore line: [gmake[1]: Entering directory '/Users/vitaliy/Downloads/nrf5_SDK_for_Mesh_v5.0.0_src/cmake-build-debug/CMakeFiles/CMakeTmp']
  ignore line: [Building C object CMakeFiles/cmTC_53963.dir/CMakeCCompilerABI.c.obj]
  ignore line: [/usr/local/bin/arm-none-eabi-gcc   --std=gnu99 -Wall -Wno-attributes -Wno-format -ffunction-sections -fdata-sections -fno-strict-aliasing -fno-builtin --short-enums    -v -o CMakeFiles/cmTC_53963.dir/CMakeCCompilerABI.c.obj   -c /Applications/CLion.app/Contents/bin/cmake/mac/share/cmake-3.16/Modules/CMakeCCompilerABI.c]
  ignore line: [Using built-in specs.]
  ignore line: [COLLECT_GCC=/usr/local/bin/arm-none-eabi-gcc]
  ignore line: [Target: arm-none-eabi]
  ignore line: [Configured with: /tmp/jenkins-GCC-6-build_build-toolchain-mac-262_20170621_1498074986/src/gcc/configure --target=arm-none-eabi --prefix=/tmp/jenkins-GCC-6-build_build-toolchain-mac-262_20170621_1498074986/install-native --libexecdir=/tmp/jenkins-GCC-6-build_build-toolchain-mac-262_20170621_1498074986/install-native/lib --infodir=/tmp/jenkins-GCC-6-build_build-toolchain-mac-262_20170621_1498074986/install-native/share/doc/gcc-arm-none-eabi/info --mandir=/tmp/jenkins-GCC-6-build_build-toolchain-mac-262_20170621_1498074986/install-native/share/doc/gcc-arm-none-eabi/man --htmldir=/tmp/jenkins-GCC-6-build_build-toolchain-mac-262_20170621_1498074986/install-native/share/doc/gcc-arm-none-eabi/html --pdfdir=/tmp/jenkins-GCC-6-build_build-toolchain-mac-262_20170621_1498074986/install-native/share/doc/gcc-arm-none-eabi/pdf --enable-languages=c,c++ --enable-plugins --disable-decimal-float --disable-libffi --disable-libgomp --disable-libmudflap --disable-libquadmath --disable-libssp --disable-libstdcxx-pch --disable-nls --disable-shared --disable-threads --disable-tls --with-gnu-as --with-gnu-ld --with-newlib --with-headers=yes --with-python-dir=share/gcc-arm-none-eabi --with-sysroot=/tmp/jenkins-GCC-6-build_build-toolchain-mac-262_20170621_1498074986/install-native/arm-none-eabi --build=x86_64-apple-darwin10 --host=x86_64-apple-darwin10 --with-gmp=/tmp/jenkins-GCC-6-build_build-toolchain-mac-262_20170621_1498074986/build-native/host-libs/usr --with-mpfr=/tmp/jenkins-GCC-6-build_build-toolchain-mac-262_20170621_1498074986/build-native/host-libs/usr --with-mpc=/tmp/jenkins-GCC-6-build_build-toolchain-mac-262_20170621_1498074986/build-native/host-libs/usr --with-isl=/tmp/jenkins-GCC-6-build_build-toolchain-mac-262_20170621_1498074986/build-native/host-libs/usr --with-libelf=/tmp/jenkins-GCC-6-build_build-toolchain-mac-262_20170621_1498074986/build-native/host-libs/usr --with-host-libstdcxx='-static-libgcc -Wl,-lstdc++ -lm' --with-pkgversion='GNU Tools for ARM Embedded Processors 6-2017-q2-update' --with-multilib-list=rmprofile]
  ignore line: [Thread model: single]
  ignore line: [gcc version 6.3.1 20170620 (release) [ARM/embedded-6-branch revision 249437] (GNU Tools for ARM Embedded Processors 6-2017-q2-update) ]
  ignore line: [COLLECT_GCC_OPTIONS='-std=gnu99' '-Wall' '-Wno-attributes' '-Wformat=0' '-ffunction-sections' '-fdata-sections' '-fno-strict-aliasing' '-fno-builtin' '-fshort-enums' '-v' '-o' 'CMakeFiles/cmTC_53963.dir/CMakeCCompilerABI.c.obj' '-c']
  ignore line: [ /usr/local/Cellar/gcc-arm-none-eabi-63/20170628/bin/../lib/gcc/arm-none-eabi/6.3.1/cc1 -quiet -v -iprefix /usr/local/Cellar/gcc-arm-none-eabi-63/20170628/bin/../lib/gcc/arm-none-eabi/6.3.1/ -isysroot /usr/local/Cellar/gcc-arm-none-eabi-63/20170628/bin/../arm-none-eabi -D__USES_INITFINI__ /Applications/CLion.app/Contents/bin/cmake/mac/share/cmake-3.16/Modules/CMakeCCompilerABI.c -quiet -dumpbase CMakeCCompilerABI.c -auxbase-strip CMakeFiles/cmTC_53963.dir/CMakeCCompilerABI.c.obj -Wall -Wno-attributes -Wformat=0 -std=gnu99 -version -ffunction-sections -fdata-sections -fno-strict-aliasing -fno-builtin -fshort-enums -o /var/folders/35/ybj1zsnx46jfc2bk6qstl_th0000gn/T//ccpxRG3C.s]
  ignore line: [GNU C99 (GNU Tools for ARM Embedded Processors 6-2017-q2-update) version 6.3.1 20170620 (release) [ARM/embedded-6-branch revision 249437] (arm-none-eabi)]
  ignore line: [	compiled by GNU C version 5.4.0  GMP version 6.1.0  MPFR version 3.1.4  MPC version 1.0.3  isl version 0.15]
  ignore line: [GGC heuristics: --param ggc-min-expand=100 --param ggc-min-heapsize=131072]
  ignore line: [ignoring duplicate directory "/usr/local/Cellar/gcc-arm-none-eabi-63/20170628/bin/../lib/gcc/../../lib/gcc/arm-none-eabi/6.3.1/include"]
  ignore line: [ignoring nonexistent directory "/usr/local/Cellar/gcc-arm-none-eabi-63/20170628/bin/../arm-none-eabi/usr/local/include"]
  ignore line: [ignoring duplicate directory "/usr/local/Cellar/gcc-arm-none-eabi-63/20170628/bin/../lib/gcc/../../lib/gcc/arm-none-eabi/6.3.1/include-fixed"]
  ignore line: [ignoring duplicate directory "/usr/local/Cellar/gcc-arm-none-eabi-63/20170628/bin/../lib/gcc/../../lib/gcc/arm-none-eabi/6.3.1/../../../../arm-none-eabi/include"]
  ignore line: [ignoring nonexistent directory "/usr/local/Cellar/gcc-arm-none-eabi-63/20170628/bin/../arm-none-eabi/usr/include"]
  ignore line: [#include "..." search starts here:]
  ignore line: [#include <...> search starts here:]
  ignore line: [ /usr/local/Cellar/gcc-arm-none-eabi-63/20170628/bin/../lib/gcc/arm-none-eabi/6.3.1/include]
  ignore line: [ /usr/local/Cellar/gcc-arm-none-eabi-63/20170628/bin/../lib/gcc/arm-none-eabi/6.3.1/include-fixed]
  ignore line: [ /usr/local/Cellar/gcc-arm-none-eabi-63/20170628/bin/../lib/gcc/arm-none-eabi/6.3.1/../../../../arm-none-eabi/include]
  ignore line: [End of search list.]
  ignore line: [GNU C99 (GNU Tools for ARM Embedded Processors 6-2017-q2-update) version 6.3.1 20170620 (release) [ARM/embedded-6-branch revision 249437] (arm-none-eabi)]
  ignore line: [	compiled by GNU C version 5.4.0  GMP version 6.1.0  MPFR version 3.1.4  MPC version 1.0.3  isl version 0.15]
  ignore line: [GGC heuristics: --param ggc-min-expand=100 --param ggc-min-heapsize=131072]
  ignore line: [Compiler executable checksum: aa3712e48f311f72956ce92bf2e89dbd]
  ignore line: [COLLECT_GCC_OPTIONS='-std=gnu99' '-Wall' '-Wno-attributes' '-Wformat=0' '-ffunction-sections' '-fdata-sections' '-fno-strict-aliasing' '-fno-builtin' '-fshort-enums' '-v' '-o' 'CMakeFiles/cmTC_53963.dir/CMakeCCompilerABI.c.obj' '-c']
  ignore line: [ /usr/local/Cellar/gcc-arm-none-eabi-63/20170628/bin/../lib/gcc/arm-none-eabi/6.3.1/../../../../arm-none-eabi/bin/as -v -meabi=5 -o CMakeFiles/cmTC_53963.dir/CMakeCCompilerABI.c.obj /var/folders/35/ybj1zsnx46jfc2bk6qstl_th0000gn/T//ccpxRG3C.s]
  ignore line: [GNU assembler version 2.28.0 (arm-none-eabi) using BFD version (GNU Tools for ARM Embedded Processors 6-2017-q2-update) 2.28.0.20170620]
  ignore line: [COMPILER_PATH=/usr/local/Cellar/gcc-arm-none-eabi-63/20170628/bin/../lib/gcc/arm-none-eabi/6.3.1/:/usr/local/Cellar/gcc-arm-none-eabi-63/20170628/bin/../lib/gcc/:/usr/local/Cellar/gcc-arm-none-eabi-63/20170628/bin/../lib/gcc/arm-none-eabi/6.3.1/../../../../arm-none-eabi/bin/]
  ignore line: [LIBRARY_PATH=/usr/local/Cellar/gcc-arm-none-eabi-63/20170628/bin/../lib/gcc/arm-none-eabi/6.3.1/:/usr/local/Cellar/gcc-arm-none-eabi-63/20170628/bin/../lib/gcc/:/usr/local/Cellar/gcc-arm-none-eabi-63/20170628/bin/../lib/gcc/arm-none-eabi/6.3.1/../../../../arm-none-eabi/lib/:/usr/local/Cellar/gcc-arm-none-eabi-63/20170628/bin/../arm-none-eabi/lib/]
  ignore line: [COLLECT_GCC_OPTIONS='-std=gnu99' '-Wall' '-Wno-attributes' '-Wformat=0' '-ffunction-sections' '-fdata-sections' '-fno-strict-aliasing' '-fno-builtin' '-fshort-enums' '-v' '-o' 'CMakeFiles/cmTC_53963.dir/CMakeCCompilerABI.c.obj' '-c']
  ignore line: [Linking C static library libcmTC_53963.a]
  ignore line: [/Applications/CLion.app/Contents/bin/cmake/mac/bin/cmake -P CMakeFiles/cmTC_53963.dir/cmake_clean_target.cmake]
  ignore line: [/Applications/CLion.app/Contents/bin/cmake/mac/bin/cmake -E cmake_link_script CMakeFiles/cmTC_53963.dir/link.txt --verbose=1]
  ignore line: [/usr/local/bin/arm-none-eabi-ar qc libcmTC_53963.a  CMakeFiles/cmTC_53963.dir/CMakeCCompilerABI.c.obj]
  ignore line: [/usr/local/bin/arm-none-eabi-ranlib libcmTC_53963.a]
  ignore line: [gmake[1]: Leaving directory '/Users/vitaliy/Downloads/nrf5_SDK_for_Mesh_v5.0.0_src/cmake-build-debug/CMakeFiles/CMakeTmp']
  ignore line: []
  ignore line: []
  implicit libs: []
  implicit dirs: []
  implicit fwks: []


